I, [2011-11-08T08:41:47.743550 #9443]  INFO -- : listening on addr=0.0.0.0:3001 fd=3
I, [2011-11-08T08:41:47.744146 #9443]  INFO -- : unlinking existing socket=/home/burt_op/exjob02.byburt.com/fingerprints/tmp/sockets/unicorn.sock
I, [2011-11-08T08:41:47.744291 #9443]  INFO -- : listening on addr=/home/burt_op/exjob02.byburt.com/fingerprints/tmp/sockets/unicorn.sock fd=5
I, [2011-11-08T08:41:47.744773 #9443]  INFO -- : Refreshing Gem list
/usr/local/rvm/rubies/ruby-1.9.2-p0/lib/ruby/site_ruby/1.9.1/rubygems/custom_require.rb:36:in `require': no such file to load -- mongo (LoadError)
	from /usr/local/rvm/rubies/ruby-1.9.2-p0/lib/ruby/site_ruby/1.9.1/rubygems/custom_require.rb:36:in `require'
	from /home/burt_op/exjob02.byburt.com/fingerprints/server.rb:5:in `<top (required)>'
	from /usr/local/rvm/rubies/ruby-1.9.2-p0/lib/ruby/site_ruby/1.9.1/rubygems/custom_require.rb:36:in `require'
	from /usr/local/rvm/rubies/ruby-1.9.2-p0/lib/ruby/site_ruby/1.9.1/rubygems/custom_require.rb:36:in `require'
	from config.ru:5:in `block in <main>'
	from /usr/local/rvm/gems/ruby-1.9.2-p0/gems/rack-1.3.5/lib/rack/builder.rb:51:in `instance_eval'
	from /usr/local/rvm/gems/ruby-1.9.2-p0/gems/rack-1.3.5/lib/rack/builder.rb:51:in `initialize'
	from config.ru:1:in `new'
	from config.ru:1:in `<main>'
	from /usr/local/rvm/gems/ruby-1.9.2-p0/gems/unicorn-4.1.1/lib/unicorn.rb:44:in `eval'
	from /usr/local/rvm/gems/ruby-1.9.2-p0/gems/unicorn-4.1.1/lib/unicorn.rb:44:in `block in builder'
	from /usr/local/rvm/gems/ruby-1.9.2-p0/gems/unicorn-4.1.1/lib/unicorn/http_server.rb:688:in `call'
	from /usr/local/rvm/gems/ruby-1.9.2-p0/gems/unicorn-4.1.1/lib/unicorn/http_server.rb:688:in `build_app!'
	from /usr/local/rvm/gems/ruby-1.9.2-p0/gems/unicorn-4.1.1/lib/unicorn/http_server.rb:134:in `start'
	from /usr/local/rvm/gems/ruby-1.9.2-p0/gems/unicorn-4.1.1/bin/unicorn:121:in `<top (required)>'
	from /usr/local/rvm/gems/ruby-1.9.2-p0/bin/unicorn:19:in `load'
	from /usr/local/rvm/gems/ruby-1.9.2-p0/bin/unicorn:19:in `<main>'
I, [2011-11-08T08:43:06.166228 #9606]  INFO -- : listening on addr=0.0.0.0:3001 fd=3
I, [2011-11-08T08:43:06.166832 #9606]  INFO -- : unlinking existing socket=/home/burt_op/exjob02.byburt.com/fingerprints/tmp/sockets/unicorn.sock
I, [2011-11-08T08:43:06.166995 #9606]  INFO -- : listening on addr=/home/burt_op/exjob02.byburt.com/fingerprints/tmp/sockets/unicorn.sock fd=5
I, [2011-11-08T08:43:06.167505 #9606]  INFO -- : Refreshing Gem list

**Notice: C extension not loaded. This is required for optimum MongoDB Ruby driver performance.
  You can install the extension as follows:
  gem install bson_ext

  If you continue to receive this message after installing, make sure that the
  bson_ext gem is in your load path and that the bson_ext and mongo gems are of the same version.

You don't have i18n installed in your application. Please add it to your Gemfile and run bundle install
/usr/local/rvm/rubies/ruby-1.9.2-p0/lib/ruby/site_ruby/1.9.1/rubygems/custom_require.rb:36:in `require': no such file to load -- i18n (LoadError)
	from /usr/local/rvm/rubies/ruby-1.9.2-p0/lib/ruby/site_ruby/1.9.1/rubygems/custom_require.rb:36:in `require'
	from /usr/local/rvm/gems/ruby-1.9.2-p0/gems/activesupport-3.0.0/lib/active_support/i18n.rb:2:in `<top (required)>'
	from /usr/local/rvm/rubies/ruby-1.9.2-p0/lib/ruby/site_ruby/1.9.1/rubygems/custom_require.rb:36:in `require'
	from /usr/local/rvm/rubies/ruby-1.9.2-p0/lib/ruby/site_ruby/1.9.1/rubygems/custom_require.rb:36:in `require'
	from /usr/local/rvm/gems/ruby-1.9.2-p0/gems/activesupport-3.0.0/lib/active_support/core_ext/string/interpolation.rb:1:in `<top (required)>'
	from /usr/local/rvm/rubies/ruby-1.9.2-p0/lib/ruby/site_ruby/1.9.1/rubygems/custom_require.rb:36:in `require'
	from /usr/local/rvm/rubies/ruby-1.9.2-p0/lib/ruby/site_ruby/1.9.1/rubygems/custom_require.rb:36:in `require'
	from /usr/local/rvm/gems/ruby-1.9.2-p0/gems/activesupport-3.0.0/lib/active_support/core_ext/string.rb:9:in `<top (required)>'
	from /usr/local/rvm/rubies/ruby-1.9.2-p0/lib/ruby/site_ruby/1.9.1/rubygems/custom_require.rb:36:in `require'
	from /usr/local/rvm/rubies/ruby-1.9.2-p0/lib/ruby/site_ruby/1.9.1/rubygems/custom_require.rb:36:in `require'
	from /usr/local/rvm/gems/ruby-1.9.2-p0/gems/activesupport-3.0.0/lib/active_support/core_ext.rb:2:in `block in <top (required)>'
	from /usr/local/rvm/gems/ruby-1.9.2-p0/gems/activesupport-3.0.0/lib/active_support/core_ext.rb:1:in `each'
	from /usr/local/rvm/gems/ruby-1.9.2-p0/gems/activesupport-3.0.0/lib/active_support/core_ext.rb:1:in `<top (required)>'
	from /usr/local/rvm/rubies/ruby-1.9.2-p0/lib/ruby/site_ruby/1.9.1/rubygems/custom_require.rb:36:in `require'
	from /usr/local/rvm/rubies/ruby-1.9.2-p0/lib/ruby/site_ruby/1.9.1/rubygems/custom_require.rb:36:in `require'
	from /usr/local/rvm/gems/ruby-1.9.2-p0/gems/activesupport-3.0.0/lib/active_support/all.rb:3:in `<top (required)>'
	from /usr/local/rvm/rubies/ruby-1.9.2-p0/lib/ruby/site_ruby/1.9.1/rubygems/custom_require.rb:59:in `require'
	from /usr/local/rvm/rubies/ruby-1.9.2-p0/lib/ruby/site_ruby/1.9.1/rubygems/custom_require.rb:59:in `rescue in require'
	from /usr/local/rvm/rubies/ruby-1.9.2-p0/lib/ruby/site_ruby/1.9.1/rubygems/custom_require.rb:35:in `require'
	from /home/burt_op/exjob02.byburt.com/fingerprints/server.rb:6:in `<top (required)>'
	from /usr/local/rvm/rubies/ruby-1.9.2-p0/lib/ruby/site_ruby/1.9.1/rubygems/custom_require.rb:36:in `require'
	from /usr/local/rvm/rubies/ruby-1.9.2-p0/lib/ruby/site_ruby/1.9.1/rubygems/custom_require.rb:36:in `require'
	from config.ru:5:in `block in <main>'
	from /usr/local/rvm/gems/ruby-1.9.2-p0/gems/rack-1.3.5/lib/rack/builder.rb:51:in `instance_eval'
	from /usr/local/rvm/gems/ruby-1.9.2-p0/gems/rack-1.3.5/lib/rack/builder.rb:51:in `initialize'
	from config.ru:1:in `new'
	from config.ru:1:in `<main>'
	from /usr/local/rvm/gems/ruby-1.9.2-p0/gems/unicorn-4.1.1/lib/unicorn.rb:44:in `eval'
	from /usr/local/rvm/gems/ruby-1.9.2-p0/gems/unicorn-4.1.1/lib/unicorn.rb:44:in `block in builder'
	from /usr/local/rvm/gems/ruby-1.9.2-p0/gems/unicorn-4.1.1/lib/unicorn/http_server.rb:688:in `call'
	from /usr/local/rvm/gems/ruby-1.9.2-p0/gems/unicorn-4.1.1/lib/unicorn/http_server.rb:688:in `build_app!'
	from /usr/local/rvm/gems/ruby-1.9.2-p0/gems/unicorn-4.1.1/lib/unicorn/http_server.rb:134:in `start'
	from /usr/local/rvm/gems/ruby-1.9.2-p0/gems/unicorn-4.1.1/bin/unicorn:121:in `<top (required)>'
	from /usr/local/rvm/gems/ruby-1.9.2-p0/bin/unicorn:19:in `load'
	from /usr/local/rvm/gems/ruby-1.9.2-p0/bin/unicorn:19:in `<main>'
I, [2011-11-08T08:44:10.565860 #9712]  INFO -- : listening on addr=0.0.0.0:3001 fd=3
I, [2011-11-08T08:44:10.566426 #9712]  INFO -- : unlinking existing socket=/home/burt_op/exjob02.byburt.com/fingerprints/tmp/sockets/unicorn.sock
I, [2011-11-08T08:44:10.566581 #9712]  INFO -- : listening on addr=/home/burt_op/exjob02.byburt.com/fingerprints/tmp/sockets/unicorn.sock fd=5
I, [2011-11-08T08:44:10.567063 #9712]  INFO -- : Refreshing Gem list
worker=0 spawning...
worker=1 spawning...
worker=0 spawned pid=9715
worker=0 ready
worker=1 spawned pid=9718
worker=1 ready
master process ready
80.252.215.26 - - [08/Nov/2011 08:44:14] "GET / HTTP/1.0" 200 2154 0.0269
80.252.215.26 - - [08/Nov/2011 08:44:16] "GET /favicon.ico HTTP/1.0" 404 451 0.0247
90.144.132.75 - - [08/Nov/2011 08:45:32] "GET / HTTP/1.0" 200 2154 0.0016
90.144.132.75 - - [08/Nov/2011 08:46:03] "GET /favicon.ico HTTP/1.0" 404 451 0.0017
90.144.132.75 - - [08/Nov/2011 08:46:15] "POST /post HTTP/1.0" 200 - 0.0088
app error: Response body must respond to each (Rack::Lint::LintError)
/usr/local/rvm/gems/ruby-1.9.2-p0/gems/rack-1.3.5/lib/rack/lint.rb:19:in `assert'
/usr/local/rvm/gems/ruby-1.9.2-p0/gems/rack-1.3.5/lib/rack/lint.rb:513:in `each'
/usr/local/rvm/gems/ruby-1.9.2-p0/gems/rack-1.3.5/lib/rack/body_proxy.rb:23:in `method_missing'
/usr/local/rvm/gems/ruby-1.9.2-p0/gems/unicorn-4.1.1/lib/unicorn/http_response.rb:41:in `http_response_write'
/usr/local/rvm/gems/ruby-1.9.2-p0/gems/unicorn-4.1.1/lib/unicorn/http_server.rb:536:in `process_client'
/usr/local/rvm/gems/ruby-1.9.2-p0/gems/unicorn-4.1.1/lib/unicorn/http_server.rb:600:in `worker_loop'
/usr/local/rvm/gems/ruby-1.9.2-p0/gems/unicorn-4.1.1/lib/unicorn/http_server.rb:485:in `spawn_missing_workers'
/usr/local/rvm/gems/ruby-1.9.2-p0/gems/unicorn-4.1.1/lib/unicorn/http_server.rb:135:in `start'
/usr/local/rvm/gems/ruby-1.9.2-p0/gems/unicorn-4.1.1/bin/unicorn:121:in `<top (required)>'
/usr/local/rvm/gems/ruby-1.9.2-p0/bin/unicorn:19:in `load'
/usr/local/rvm/gems/ruby-1.9.2-p0/bin/unicorn:19:in `<main>'
80.252.215.26 - - [08/Nov/2011 08:48:34] "POST /post HTTP/1.0" 200 - 0.0073
app error: Response body must respond to each (Rack::Lint::LintError)
/usr/local/rvm/gems/ruby-1.9.2-p0/gems/rack-1.3.5/lib/rack/lint.rb:19:in `assert'
/usr/local/rvm/gems/ruby-1.9.2-p0/gems/rack-1.3.5/lib/rack/lint.rb:513:in `each'
/usr/local/rvm/gems/ruby-1.9.2-p0/gems/rack-1.3.5/lib/rack/body_proxy.rb:23:in `method_missing'
/usr/local/rvm/gems/ruby-1.9.2-p0/gems/unicorn-4.1.1/lib/unicorn/http_response.rb:41:in `http_response_write'
/usr/local/rvm/gems/ruby-1.9.2-p0/gems/unicorn-4.1.1/lib/unicorn/http_server.rb:536:in `process_client'
/usr/local/rvm/gems/ruby-1.9.2-p0/gems/unicorn-4.1.1/lib/unicorn/http_server.rb:600:in `worker_loop'
/usr/local/rvm/gems/ruby-1.9.2-p0/gems/unicorn-4.1.1/lib/unicorn/http_server.rb:485:in `spawn_missing_workers'
/usr/local/rvm/gems/ruby-1.9.2-p0/gems/unicorn-4.1.1/lib/unicorn/http_server.rb:135:in `start'
/usr/local/rvm/gems/ruby-1.9.2-p0/gems/unicorn-4.1.1/bin/unicorn:121:in `<top (required)>'
/usr/local/rvm/gems/ruby-1.9.2-p0/bin/unicorn:19:in `load'
/usr/local/rvm/gems/ruby-1.9.2-p0/bin/unicorn:19:in `<main>'
80.252.215.26 - - [08/Nov/2011 08:52:03] "GET / HTTP/1.0" 200 2154 0.0018
80.252.215.26 - - [08/Nov/2011 08:52:04] "GET /favicon.ico HTTP/1.0" 404 451 0.0019
80.252.215.26 - - [08/Nov/2011 08:52:05] "POST /post HTTP/1.0" 200 - 0.0107
app error: Response body must respond to each (Rack::Lint::LintError)
/usr/local/rvm/gems/ruby-1.9.2-p0/gems/rack-1.3.5/lib/rack/lint.rb:19:in `assert'
/usr/local/rvm/gems/ruby-1.9.2-p0/gems/rack-1.3.5/lib/rack/lint.rb:513:in `each'
/usr/local/rvm/gems/ruby-1.9.2-p0/gems/rack-1.3.5/lib/rack/body_proxy.rb:23:in `method_missing'
/usr/local/rvm/gems/ruby-1.9.2-p0/gems/unicorn-4.1.1/lib/unicorn/http_response.rb:41:in `http_response_write'
/usr/local/rvm/gems/ruby-1.9.2-p0/gems/unicorn-4.1.1/lib/unicorn/http_server.rb:536:in `process_client'
/usr/local/rvm/gems/ruby-1.9.2-p0/gems/unicorn-4.1.1/lib/unicorn/http_server.rb:600:in `worker_loop'
/usr/local/rvm/gems/ruby-1.9.2-p0/gems/unicorn-4.1.1/lib/unicorn/http_server.rb:485:in `spawn_missing_workers'
/usr/local/rvm/gems/ruby-1.9.2-p0/gems/unicorn-4.1.1/lib/unicorn/http_server.rb:135:in `start'
/usr/local/rvm/gems/ruby-1.9.2-p0/gems/unicorn-4.1.1/bin/unicorn:121:in `<top (required)>'
/usr/local/rvm/gems/ruby-1.9.2-p0/bin/unicorn:19:in `load'
/usr/local/rvm/gems/ruby-1.9.2-p0/bin/unicorn:19:in `<main>'
reaped #<Process::Status: pid 9715 exit 0> worker=0
reaped #<Process::Status: pid 9718 exit 0> worker=1
master complete
I, [2011-11-08T08:52:26.674520 #9820]  INFO -- : listening on addr=0.0.0.0:3001 fd=3
I, [2011-11-08T08:52:26.675088 #9820]  INFO -- : unlinking existing socket=/home/burt_op/exjob02.byburt.com/fingerprints/tmp/sockets/unicorn.sock
I, [2011-11-08T08:52:26.675243 #9820]  INFO -- : listening on addr=/home/burt_op/exjob02.byburt.com/fingerprints/tmp/sockets/unicorn.sock fd=5
I, [2011-11-08T08:52:26.675671 #9820]  INFO -- : Refreshing Gem list
worker=0 spawning...
worker=1 spawning...
worker=0 spawned pid=9823
worker=0 ready
master process ready
worker=1 spawned pid=9826
worker=1 ready
80.252.215.26 - - [08/Nov/2011 08:52:30] "GET / HTTP/1.0" 200 2154 0.0266
80.252.215.26 - - [08/Nov/2011 08:52:30] "GET /favicon.ico HTTP/1.0" 404 451 0.0020
NoMethodError - undefined method `bytesize' for nil:NilClass:
	/usr/local/rvm/gems/ruby-1.9.2-p0/gems/rack-1.3.5/lib/rack/utils.rb:257:in `bytesize'
	/usr/local/rvm/gems/ruby-1.9.2-p0/gems/sinatra-1.3.1/lib/sinatra/base.rb:80:in `block in finish'
	/usr/local/rvm/gems/ruby-1.9.2-p0/gems/sinatra-1.3.1/lib/sinatra/base.rb:80:in `each'
	/usr/local/rvm/gems/ruby-1.9.2-p0/gems/sinatra-1.3.1/lib/sinatra/base.rb:80:in `inject'
	/usr/local/rvm/gems/ruby-1.9.2-p0/gems/sinatra-1.3.1/lib/sinatra/base.rb:80:in `finish'
	/home/burt_op/exjob02.byburt.com/fingerprints/server.rb:51:in `block in <class:Server>'
	/usr/local/rvm/gems/ruby-1.9.2-p0/gems/sinatra-1.3.1/lib/sinatra/base.rb:1212:in `call'
	/usr/local/rvm/gems/ruby-1.9.2-p0/gems/sinatra-1.3.1/lib/sinatra/base.rb:1212:in `block in compile!'
	/usr/local/rvm/gems/ruby-1.9.2-p0/gems/sinatra-1.3.1/lib/sinatra/base.rb:772:in `[]'
	/usr/local/rvm/gems/ruby-1.9.2-p0/gems/sinatra-1.3.1/lib/sinatra/base.rb:772:in `block (3 levels) in route!'
	/usr/local/rvm/gems/ruby-1.9.2-p0/gems/sinatra-1.3.1/lib/sinatra/base.rb:788:in `route_eval'
	/usr/local/rvm/gems/ruby-1.9.2-p0/gems/sinatra-1.3.1/lib/sinatra/base.rb:772:in `block (2 levels) in route!'
	/usr/local/rvm/gems/ruby-1.9.2-p0/gems/sinatra-1.3.1/lib/sinatra/base.rb:821:in `block in process_route'
	/usr/local/rvm/gems/ruby-1.9.2-p0/gems/sinatra-1.3.1/lib/sinatra/base.rb:819:in `catch'
	/usr/local/rvm/gems/ruby-1.9.2-p0/gems/sinatra-1.3.1/lib/sinatra/base.rb:819:in `process_route'
	/usr/local/rvm/gems/ruby-1.9.2-p0/gems/sinatra-1.3.1/lib/sinatra/base.rb:771:in `block in route!'
	/usr/local/rvm/gems/ruby-1.9.2-p0/gems/sinatra-1.3.1/lib/sinatra/base.rb:770:in `each'
	/usr/local/rvm/gems/ruby-1.9.2-p0/gems/sinatra-1.3.1/lib/sinatra/base.rb:770:in `route!'
	/usr/local/rvm/gems/ruby-1.9.2-p0/gems/sinatra-1.3.1/lib/sinatra/base.rb:886:in `dispatch!'
	/usr/local/rvm/gems/ruby-1.9.2-p0/gems/sinatra-1.3.1/lib/sinatra/base.rb:706:in `block in call!'
	/usr/local/rvm/gems/ruby-1.9.2-p0/gems/sinatra-1.3.1/lib/sinatra/base.rb:871:in `block in invoke'
	/usr/local/rvm/gems/ruby-1.9.2-p0/gems/sinatra-1.3.1/lib/sinatra/base.rb:871:in `catch'
	/usr/local/rvm/gems/ruby-1.9.2-p0/gems/sinatra-1.3.1/lib/sinatra/base.rb:871:in `invoke'
	/usr/local/rvm/gems/ruby-1.9.2-p0/gems/sinatra-1.3.1/lib/sinatra/base.rb:706:in `call!'
	/usr/local/rvm/gems/ruby-1.9.2-p0/gems/sinatra-1.3.1/lib/sinatra/base.rb:692:in `call'
	/usr/local/rvm/gems/ruby-1.9.2-p0/gems/rack-protection-1.1.4/lib/rack/protection/xss_header.rb:22:in `call'
	/usr/local/rvm/gems/ruby-1.9.2-p0/gems/rack-protection-1.1.4/lib/rack/protection/path_traversal.rb:16:in `call'
	/usr/local/rvm/gems/ruby-1.9.2-p0/gems/rack-protection-1.1.4/lib/rack/protection/json_csrf.rb:17:in `call'
	/usr/local/rvm/gems/ruby-1.9.2-p0/gems/rack-protection-1.1.4/lib/rack/protection/base.rb:47:in `call'
	/usr/local/rvm/gems/ruby-1.9.2-p0/gems/rack-protection-1.1.4/lib/rack/protection/xss_header.rb:22:in `call'
	/usr/local/rvm/gems/ruby-1.9.2-p0/gems/rack-1.3.5/lib/rack/nulllogger.rb:9:in `call'
	/usr/local/rvm/gems/ruby-1.9.2-p0/gems/rack-1.3.5/lib/rack/head.rb:9:in `call'
	/usr/local/rvm/gems/ruby-1.9.2-p0/gems/sinatra-1.3.1/lib/sinatra/showexceptions.rb:21:in `call'
	/usr/local/rvm/gems/ruby-1.9.2-p0/gems/sinatra-1.3.1/lib/sinatra/base.rb:1334:in `block in call'
	/usr/local/rvm/gems/ruby-1.9.2-p0/gems/sinatra-1.3.1/lib/sinatra/base.rb:1403:in `synchronize'
	/usr/local/rvm/gems/ruby-1.9.2-p0/gems/sinatra-1.3.1/lib/sinatra/base.rb:1334:in `call'
	/usr/local/rvm/gems/ruby-1.9.2-p0/gems/rack-1.3.5/lib/rack/lint.rb:48:in `_call'
	/usr/local/rvm/gems/ruby-1.9.2-p0/gems/rack-1.3.5/lib/rack/lint.rb:36:in `call'
	/usr/local/rvm/gems/ruby-1.9.2-p0/gems/rack-1.3.5/lib/rack/showexceptions.rb:24:in `call'
	/usr/local/rvm/gems/ruby-1.9.2-p0/gems/rack-1.3.5/lib/rack/commonlogger.rb:20:in `call'
	/usr/local/rvm/gems/ruby-1.9.2-p0/gems/rack-1.3.5/lib/rack/chunked.rb:41:in `call'
	/usr/local/rvm/gems/ruby-1.9.2-p0/gems/rack-1.3.5/lib/rack/content_length.rb:14:in `call'
	/usr/local/rvm/gems/ruby-1.9.2-p0/gems/unicorn-4.1.1/lib/unicorn/http_server.rb:528:in `process_client'
	/usr/local/rvm/gems/ruby-1.9.2-p0/gems/unicorn-4.1.1/lib/unicorn/http_server.rb:600:in `worker_loop'
	/usr/local/rvm/gems/ruby-1.9.2-p0/gems/unicorn-4.1.1/lib/unicorn/http_server.rb:485:in `spawn_missing_workers'
	/usr/local/rvm/gems/ruby-1.9.2-p0/gems/unicorn-4.1.1/lib/unicorn/http_server.rb:135:in `start'
	/usr/local/rvm/gems/ruby-1.9.2-p0/gems/unicorn-4.1.1/bin/unicorn:121:in `<top (required)>'
	/usr/local/rvm/gems/ruby-1.9.2-p0/bin/unicorn:19:in `load'
	/usr/local/rvm/gems/ruby-1.9.2-p0/bin/unicorn:19:in `<main>'
80.252.215.26 - - [08/Nov/2011 08:52:32] "POST /post HTTP/1.0" 500 4639 0.0112
46.239.117.184 - - [08/Nov/2011 08:58:13] "GET / HTTP/1.0" 200 2154 0.0018
reaped #<Process::Status: pid 9823 exit 0> worker=0
reaped #<Process::Status: pid 9826 exit 0> worker=1
master complete
I, [2011-11-08T08:58:20.542002 #9910]  INFO -- : listening on addr=0.0.0.0:3001 fd=3
I, [2011-11-08T08:58:20.542558 #9910]  INFO -- : unlinking existing socket=/home/burt_op/exjob02.byburt.com/fingerprints/tmp/sockets/unicorn.sock
I, [2011-11-08T08:58:20.542753 #9910]  INFO -- : listening on addr=/home/burt_op/exjob02.byburt.com/fingerprints/tmp/sockets/unicorn.sock fd=5
I, [2011-11-08T08:58:20.543191 #9910]  INFO -- : Refreshing Gem list
worker=0 spawning...
worker=1 spawning...
worker=0 spawned pid=9913
worker=0 ready
master process ready
worker=1 spawned pid=9916
worker=1 ready
80.252.215.26 - - [08/Nov/2011 08:58:25] "GET / HTTP/1.0" 200 2154 0.0271
80.252.215.26 - - [08/Nov/2011 08:58:26] "GET /favicon.ico HTTP/1.0" 404 451 0.0019
80.252.215.26 - - [08/Nov/2011 08:58:28] "POST /post HTTP/1.0" 200 4 0.0105
reaped #<Process::Status: pid 9913 exit 0> worker=0
reaped #<Process::Status: pid 9916 exit 0> worker=1
master complete
I, [2011-11-08T08:59:23.183405 #9928]  INFO -- : listening on addr=0.0.0.0:3001 fd=3
I, [2011-11-08T08:59:23.183943 #9928]  INFO -- : unlinking existing socket=/home/burt_op/exjob02.byburt.com/fingerprints/tmp/sockets/unicorn.sock
I, [2011-11-08T08:59:23.184095 #9928]  INFO -- : listening on addr=/home/burt_op/exjob02.byburt.com/fingerprints/tmp/sockets/unicorn.sock fd=5
I, [2011-11-08T08:59:23.184514 #9928]  INFO -- : Refreshing Gem list
worker=0 spawning...
worker=1 spawning...
worker=0 spawned pid=9931
worker=0 ready
master process ready
worker=1 spawned pid=9934
worker=1 ready
80.252.215.26 - - [08/Nov/2011 08:59:26] "GET / HTTP/1.0" 200 2154 0.0269
80.252.215.26 - - [08/Nov/2011 08:59:26] "GET /favicon.ico HTTP/1.0" 404 451 0.0019
80.252.215.26 - - [08/Nov/2011 08:59:27] "POST /post HTTP/1.0" 200 64 0.0107
80.252.215.26 - - [08/Nov/2011 09:00:53] "GET / HTTP/1.0" 200 2154 0.0020
80.252.215.26 - - [08/Nov/2011 09:00:54] "GET /favicon.ico HTTP/1.0" 404 451 0.0249
80.252.215.26 - - [08/Nov/2011 09:00:55] "POST /post HTTP/1.0" 200 64 0.0064
80.252.215.26 - - [08/Nov/2011 09:01:03] "GET /favicon.ico HTTP/1.0" 404 451 0.0020
218.83.165.100 - - [08/Nov/2011 09:12:25] "HEAD / HTTP/1.0" 200 2154 0.0837
80.252.215.26 - - [08/Nov/2011 09:30:18] "GET / HTTP/1.0" 200 2154 0.0014
80.252.215.26 - - [08/Nov/2011 09:30:19] "GET /favicon.ico HTTP/1.0" 404 451 0.0017
80.252.215.26 - - [08/Nov/2011 09:30:39] "POST /post HTTP/1.0" 200 64 0.0132
80.252.215.26 - - [08/Nov/2011 09:30:42] "GET / HTTP/1.0" 200 2154 0.0014
80.252.215.26 - - [08/Nov/2011 09:30:43] "GET /favicon.ico HTTP/1.0" 404 451 0.0020
80.252.215.26 - - [08/Nov/2011 09:30:44] "POST /post HTTP/1.0" 200 64 0.0061
80.252.215.26 - - [08/Nov/2011 09:32:36] "GET /sv HTTP/1.0" 200 2192 0.0016
80.252.215.26 - - [08/Nov/2011 09:32:36] "GET /favicon.ico HTTP/1.0" 404 451 0.0017
80.252.215.26 - - [08/Nov/2011 09:36:53] "GET / HTTP/1.0" 200 2154 0.0014
80.252.215.26 - - [08/Nov/2011 09:36:53] "GET /favicon.ico HTTP/1.0" 404 451 0.0014
80.252.215.26 - - [08/Nov/2011 09:41:29] "GET / HTTP/1.0" 200 2154 0.0013
80.252.215.26 - - [08/Nov/2011 09:41:29] "GET /favicon.ico HTTP/1.0" 404 451 0.0013
80.252.215.26 - - [08/Nov/2011 09:44:30] "GET / HTTP/1.0" 200 2154 0.0013
80.252.215.26 - - [08/Nov/2011 09:44:30] "GET /favicon.ico HTTP/1.0" 404 451 0.0012
80.252.215.26 - - [08/Nov/2011 09:44:35] "POST /post HTTP/1.0" 200 64 0.0067
